<?xml version="1.0" encoding="UTF-8" ?>
<testsuite tests="1" failures="0" name="tech22solutions.ApplicationTest" time="0.389" errors="1" skipped="0">
  <properties>
[...]
</properties>
  <testcase classname="tech22solutions.ApplicationTest" name="testRoot" time="0.389">
    <error message="Top-level decoder: deserializing nested class for &apos;3&apos; in &apos;kotlin.collections.LinkedHashMap&apos;
...VrpPC0mQj0T6VmqPfexRU2ntidngbgc8
                                  ^ at line 10, column 48
" type="net.mamoe.yamlkt.YamlDecodingException">net.mamoe.yamlkt.YamlDecodingException: Top-level decoder: deserializing nested class for &apos;3&apos; in &apos;kotlin.collections.LinkedHashMap&apos;
...VrpPC0mQj0T6VmqPfexRU2ntidngbgc8
                                  ^ at line 10, column 48

	at net.mamoe.yamlkt.internal.YamlUtils__ContextualExceptionKt.contextualDecodingException(ContextualException.kt:154)
	at net.mamoe.yamlkt.internal.YamlUtils.contextualDecodingException(Unknown Source)
	at net.mamoe.yamlkt.internal.YamlDecoder$AbstractDecoder.decodeSerializableElement(YamlDecoder.kt:181)
	at kotlinx.serialization.encoding.CompositeDecoder$DefaultImpls.decodeSerializableElement$default(Decoding.kt:535)
	at kotlinx.serialization.internal.MapLikeSerializer.readElement(CollectionSerializers.kt:111)
	at kotlinx.serialization.internal.MapLikeSerializer.readElement(CollectionSerializers.kt:84)
	at kotlinx.serialization.internal.AbstractCollectionSerializer.readElement$default(CollectionSerializers.kt:51)
	at kotlinx.serialization.internal.AbstractCollectionSerializer.merge(CollectionSerializers.kt:36)
	at kotlinx.serialization.internal.AbstractCollectionSerializer.deserialize(CollectionSerializers.kt:43)
	at net.mamoe.yamlkt.internal.YamlElementMapSerializer.deserialize(YamlElementSerializer.kt)
	at net.mamoe.yamlkt.internal.YamlElementSerializer.deserialize(YamlElementSerializer.kt:40)
	at net.mamoe.yamlkt.internal.YamlElementSerializer.deserialize(YamlElementSerializer.kt:30)
	at net.mamoe.yamlkt.Yaml.decodeFromString(Yaml.kt:162)
	at net.mamoe.yamlkt.Yaml.decodeYamlFromString(Yaml.kt:175)
	at io.ktor.server.config.yaml.YamlConfigJvmKt.configFromString(YamlConfigJvm.kt:36)
	at io.ktor.server.config.yaml.YamlConfigJvmKt.YamlConfig(YamlConfigJvm.kt:25)
	at io.ktor.server.config.yaml.YamlConfigLoader.load(YamlConfig.kt:21)
	at io.ktor.server.config.ConfigLoader$Companion.load(ConfigLoaders.kt:33)
	at io.ktor.server.config.HoconApplicationConfigKt.ApplicationConfig(HoconApplicationConfig.kt:94)
	at io.ktor.server.testing.TestEngineJvmKt.DefaultTestConfig(TestEngineJvm.kt:9)
	at io.ktor.server.testing.TestEngineJvmKt.DefaultTestConfig$default(TestEngineJvm.kt:9)
	at io.ktor.server.testing.TestApplicationBuilder$environment$2$1.invoke(TestApplication.kt:148)
	at io.ktor.server.testing.TestApplicationBuilder$environment$2$1.invoke(TestApplication.kt:142)
	at io.ktor.server.testing.TestEngineKt$createTestEnvironment$2.invoke(TestEngine.kt:27)
	at io.ktor.server.testing.TestEngineKt$createTestEnvironment$2.invoke(TestEngine.kt:23)
	at io.ktor.server.engine.ApplicationEngineEnvironmentBuilder.build(ApplicationEngineEnvironmentJvm.kt:74)
	at io.ktor.server.engine.ApplicationEngineEnvironmentKt.applicationEngineEnvironment(ApplicationEngineEnvironment.kt:48)
	at io.ktor.server.testing.TestEngineKt.createTestEnvironment(TestEngine.kt:23)
	at io.ktor.server.testing.TestApplicationBuilder$environment$2.invoke(TestApplication.kt:142)
	at io.ktor.server.testing.TestApplicationBuilder$environment$2.invoke(TestApplication.kt:140)
	at kotlin.SynchronizedLazyImpl.getValue(LazyJVM.kt:74)
	at io.ktor.server.testing.TestApplicationBuilder.getEnvironment$ktor_server_test_host(TestApplication.kt:140)
	at io.ktor.server.testing.TestApplicationBuilder$engine$2.invoke(TestApplication.kt:155)
	at io.ktor.server.testing.TestApplicationBuilder$engine$2.invoke(TestApplication.kt:154)
	at kotlin.SynchronizedLazyImpl.getValue(LazyJVM.kt:74)
	at io.ktor.server.testing.TestApplicationBuilder.getEngine$ktor_server_test_host(TestApplication.kt:154)
	at io.ktor.server.testing.ApplicationTestBuilder$createClient$1$1$1.invoke(TestApplication.kt:244)
	at io.ktor.server.testing.ApplicationTestBuilder$createClient$1$1$1.invoke(TestApplication.kt:244)
	at kotlin.SynchronizedLazyImpl.getValue(LazyJVM.kt:74)
	at io.ktor.server.testing.client.DelegatingTestClientEngine.getAppEngine(DelegatingTestClientEngine.kt:26)
	at io.ktor.server.testing.client.DelegatingTestClientEngine.access$getAppEngine(DelegatingTestClientEngine.kt:19)
	at io.ktor.server.testing.client.DelegatingTestClientEngine$mainEngineHostWithPorts$2$1.invokeSuspend(DelegatingTestClientEngine.kt:40)
	at &amp;#8;&amp;#8;&amp;#8;(Coroutine boundary.&amp;#8;(&amp;#8;)
	at io.ktor.client.engine.HttpClientEngine$DefaultImpls.executeWithinCallContext(HttpClientEngine.kt:100)
	at io.ktor.client.engine.HttpClientEngine$install$1.invokeSuspend(HttpClientEngine.kt:70)
	at io.ktor.client.plugins.HttpSend$DefaultSender.execute(HttpSend.kt:138)
	at io.ktor.client.plugins.HttpRedirect$Plugin$install$1.invokeSuspend(HttpRedirect.kt:64)
	at io.ktor.client.plugins.HttpCallValidator$Companion$install$3.invokeSuspend(HttpCallValidator.kt:151)
	at io.ktor.client.plugins.HttpSend$Plugin$install$1.invokeSuspend(HttpSend.kt:104)
	at io.ktor.client.plugins.HttpCallValidator$Companion$install$1.invokeSuspend(HttpCallValidator.kt:130)
	at io.ktor.client.plugins.HttpRequestLifecycle$Plugin$install$1.invokeSuspend(HttpRequestLifecycle.kt:38)
	at io.ktor.client.HttpClient.execute$ktor_client_core(HttpClient.kt:191)
	at io.ktor.client.statement.HttpStatement.executeUnsafe(HttpStatement.kt:108)
	at io.ktor.client.statement.HttpStatement.execute(HttpStatement.kt:47)
	at tech22solutions.ApplicationTest$testRoot$1.invokeSuspend(ApplicationTest.kt:31)
	at io.ktor.server.testing.TestApplicationKt$testApplication$builder$1$1.invokeSuspend(TestApplication.kt:288)
Caused by: net.mamoe.yamlkt.YamlDecodingException: Top-level decoder: deserializing nested class for &apos;3&apos; in &apos;kotlin.collections.LinkedHashMap&apos;
...VrpPC0mQj0T6VmqPfexRU2ntidngbgc8
                                  ^ at line 10, column 48

	at net.mamoe.yamlkt.internal.YamlUtils__ContextualExceptionKt.contextualDecodingException(ContextualException.kt:154)
	at net.mamoe.yamlkt.internal.YamlUtils.contextualDecodingException(Unknown Source)
	at net.mamoe.yamlkt.internal.YamlDecoder$AbstractDecoder.decodeSerializableElement(YamlDecoder.kt:181)
	at kotlinx.serialization.encoding.CompositeDecoder$DefaultImpls.decodeSerializableElement$default(Decoding.kt:535)
	at kotlinx.serialization.internal.MapLikeSerializer.readElement(CollectionSerializers.kt:111)
	at kotlinx.serialization.internal.MapLikeSerializer.readElement(CollectionSerializers.kt:84)
	at kotlinx.serialization.internal.AbstractCollectionSerializer.readElement$default(CollectionSerializers.kt:51)
	at kotlinx.serialization.internal.AbstractCollectionSerializer.merge(CollectionSerializers.kt:36)
	at kotlinx.serialization.internal.AbstractCollectionSerializer.deserialize(CollectionSerializers.kt:43)
	at net.mamoe.yamlkt.internal.YamlElementMapSerializer.deserialize(YamlElementSerializer.kt)
	at net.mamoe.yamlkt.internal.YamlElementSerializer.deserialize(YamlElementSerializer.kt:40)
	at net.mamoe.yamlkt.internal.YamlElementSerializer.deserialize(YamlElementSerializer.kt:30)
	at net.mamoe.yamlkt.Yaml.decodeFromString(Yaml.kt:162)
	at net.mamoe.yamlkt.Yaml.decodeYamlFromString(Yaml.kt:175)
	at io.ktor.server.config.yaml.YamlConfigJvmKt.configFromString(YamlConfigJvm.kt:36)
	at io.ktor.server.config.yaml.YamlConfigJvmKt.YamlConfig(YamlConfigJvm.kt:25)
	at io.ktor.server.config.yaml.YamlConfigLoader.load(YamlConfig.kt:21)
	at io.ktor.server.config.ConfigLoader$Companion.load(ConfigLoaders.kt:33)
	at io.ktor.server.config.HoconApplicationConfigKt.ApplicationConfig(HoconApplicationConfig.kt:94)
	at io.ktor.server.testing.TestEngineJvmKt.DefaultTestConfig(TestEngineJvm.kt:9)
	at io.ktor.server.testing.TestEngineJvmKt.DefaultTestConfig$default(TestEngineJvm.kt:9)
	at io.ktor.server.testing.TestApplicationBuilder$environment$2$1.invoke(TestApplication.kt:148)
	at io.ktor.server.testing.TestApplicationBuilder$environment$2$1.invoke(TestApplication.kt:142)
	at io.ktor.server.testing.TestEngineKt$createTestEnvironment$2.invoke(TestEngine.kt:27)
	at io.ktor.server.testing.TestEngineKt$createTestEnvironment$2.invoke(TestEngine.kt:23)
	at io.ktor.server.engine.ApplicationEngineEnvironmentBuilder.build(ApplicationEngineEnvironmentJvm.kt:74)
	at io.ktor.server.engine.ApplicationEngineEnvironmentKt.applicationEngineEnvironment(ApplicationEngineEnvironment.kt:48)
	at io.ktor.server.testing.TestEngineKt.createTestEnvironment(TestEngine.kt:23)
	at io.ktor.server.testing.TestApplicationBuilder$environment$2.invoke(TestApplication.kt:142)
	at io.ktor.server.testing.TestApplicationBuilder$environment$2.invoke(TestApplication.kt:140)
	at kotlin.SynchronizedLazyImpl.getValue(LazyJVM.kt:74)
	at io.ktor.server.testing.TestApplicationBuilder.getEnvironment$ktor_server_test_host(TestApplication.kt:140)
	at io.ktor.server.testing.TestApplicationBuilder$engine$2.invoke(TestApplication.kt:155)
	at io.ktor.server.testing.TestApplicationBuilder$engine$2.invoke(TestApplication.kt:154)
	at kotlin.SynchronizedLazyImpl.getValue(LazyJVM.kt:74)
	at io.ktor.server.testing.TestApplicationBuilder.getEngine$ktor_server_test_host(TestApplication.kt:154)
	at io.ktor.server.testing.ApplicationTestBuilder$createClient$1$1$1.invoke(TestApplication.kt:244)
	at io.ktor.server.testing.ApplicationTestBuilder$createClient$1$1$1.invoke(TestApplication.kt:244)
	at kotlin.SynchronizedLazyImpl.getValue(LazyJVM.kt:74)
	at io.ktor.server.testing.client.DelegatingTestClientEngine.getAppEngine(DelegatingTestClientEngine.kt:26)
	at io.ktor.server.testing.client.DelegatingTestClientEngine.access$getAppEngine(DelegatingTestClientEngine.kt:19)
	at io.ktor.server.testing.client.DelegatingTestClientEngine$mainEngineHostWithPorts$2$1.invokeSuspend(DelegatingTestClientEngine.kt:40)
	at kotlin.coroutines.jvm.internal.BaseContinuationImpl.resumeWith(ContinuationImpl.kt:33)
	at kotlinx.coroutines.DispatchedTask.run(DispatchedTask.kt:106)
	at kotlinx.coroutines.EventLoopImplBase.processNextEvent(EventLoop.common.kt:284)
	at kotlinx.coroutines.BlockingCoroutine.joinBlocking(Builders.kt:85)
	at kotlinx.coroutines.BuildersKt__BuildersKt.runBlocking(Builders.kt:59)
	at kotlinx.coroutines.BuildersKt.runBlocking(Unknown Source)
	at kotlinx.coroutines.BuildersKt__BuildersKt.runBlocking$default(Builders.kt:38)
	at kotlinx.coroutines.BuildersKt.runBlocking$default(Unknown Source)
	at io.ktor.server.testing.client.DelegatingTestClientEngine$mainEngineHostWithPorts$2.invoke(DelegatingTestClientEngine.kt:40)
	at io.ktor.server.testing.client.DelegatingTestClientEngine$mainEngineHostWithPorts$2.invoke(DelegatingTestClientEngine.kt:39)
	at kotlin.SynchronizedLazyImpl.getValue(LazyJVM.kt:74)
	at io.ktor.server.testing.client.DelegatingTestClientEngine.getMainEngineHostWithPorts(DelegatingTestClientEngine.kt:39)
	at io.ktor.server.testing.client.DelegatingTestClientEngine.execute(DelegatingTestClientEngine.kt:55)
	at io.ktor.client.engine.HttpClientEngine$executeWithinCallContext$2.invokeSuspend(HttpClientEngine.kt:99)
	at kotlin.coroutines.jvm.internal.BaseContinuationImpl.resumeWith(ContinuationImpl.kt:33)
	at kotlinx.coroutines.DispatchedTask.run(DispatchedTask.kt:106)
	at kotlinx.coroutines.internal.LimitedDispatcher.run(LimitedDispatcher.kt:42)
	at kotlinx.coroutines.scheduling.TaskImpl.run(Tasks.kt:95)
	at kotlinx.coroutines.scheduling.CoroutineScheduler.runSafely(CoroutineScheduler.kt:570)
	at kotlinx.coroutines.scheduling.CoroutineScheduler$Worker.executeTask(CoroutineScheduler.kt:750)
	at kotlinx.coroutines.scheduling.CoroutineScheduler$Worker.runWorker(CoroutineScheduler.kt:677)
	at kotlinx.coroutines.scheduling.CoroutineScheduler$Worker.run(CoroutineScheduler.kt:664)
Caused by: net.mamoe.yamlkt.YamlDecodingException: Top-level decoder: deserializing nested class for &apos;1&apos; in &apos;kotlin.collections.LinkedHashMap&apos;
...//api.apilayer.com/fixer/latest?
                                  ^ at line 9, column 52

	at net.mamoe.yamlkt.internal.YamlUtils__ContextualExceptionKt.contextualDecodingException(ContextualException.kt:154)
	at net.mamoe.yamlkt.internal.YamlUtils.contextualDecodingException(Unknown Source)
	at net.mamoe.yamlkt.internal.YamlDecoder$AbstractDecoder.decodeSerializableElement(YamlDecoder.kt:181)
	at kotlinx.serialization.encoding.CompositeDecoder$DefaultImpls.decodeSerializableElement$default(Decoding.kt:535)
	at kotlinx.serialization.internal.MapLikeSerializer.readElement(CollectionSerializers.kt:111)
	at kotlinx.serialization.internal.MapLikeSerializer.readElement(CollectionSerializers.kt:84)
	at kotlinx.serialization.internal.AbstractCollectionSerializer.readElement$default(CollectionSerializers.kt:51)
	at kotlinx.serialization.internal.AbstractCollectionSerializer.merge(CollectionSerializers.kt:36)
	at kotlinx.serialization.internal.AbstractCollectionSerializer.deserialize(CollectionSerializers.kt:43)
	at net.mamoe.yamlkt.internal.YamlElementMapSerializer.deserialize(YamlElementSerializer.kt)
	at net.mamoe.yamlkt.internal.YamlElementSerializer.deserialize(YamlElementSerializer.kt:40)
	at net.mamoe.yamlkt.internal.YamlElementSerializer.deserialize(YamlElementSerializer.kt:30)
	at net.mamoe.yamlkt.internal.YamlDecoder$AbstractDecoder.decodeSerializableElement(YamlDecoder.kt:179)
	... 61 more
Caused by: net.mamoe.yamlkt.YamlDecodingException: Expected whitespace after COLON but found / for &apos;kotlin.collections.LinkedHashMap&apos;
    baseUrl: https://api.apilayer.com/fixer/latest?
                  ^ at line 9, column 20

	at net.mamoe.yamlkt.internal.YamlUtils__ContextualExceptionKt.contextualDecodingException(ContextualException.kt:154)
	at net.mamoe.yamlkt.internal.YamlUtils.contextualDecodingException(Unknown Source)
	at net.mamoe.yamlkt.internal.YamlUtils__ContextualExceptionKt.contextualDecodingException$default(ContextualException.kt:128)
	at net.mamoe.yamlkt.internal.YamlUtils.contextualDecodingException$default(Unknown Source)
	at net.mamoe.yamlkt.internal.YamlDecoder$BlockMapDecoder.decodeElementIndex(YamlDecoder.kt:363)
	at kotlinx.serialization.internal.AbstractCollectionSerializer.merge(CollectionSerializers.kt:34)
	at kotlinx.serialization.internal.AbstractCollectionSerializer.deserialize(CollectionSerializers.kt:43)
	at net.mamoe.yamlkt.internal.YamlElementMapSerializer.deserialize(YamlElementSerializer.kt)
	at net.mamoe.yamlkt.internal.YamlElementSerializer.deserialize(YamlElementSerializer.kt:40)
	at net.mamoe.yamlkt.internal.YamlElementSerializer.deserialize(YamlElementSerializer.kt:30)
	at net.mamoe.yamlkt.internal.YamlDecoder$AbstractDecoder.decodeSerializableElement(YamlDecoder.kt:179)
	... 71 more
</error>
    <system-out>2023-04-19 22:10:19.335 [main @coroutine#1] TRACE io.ktor.client.plugins.HttpPlainText - Adding Accept-Charset=UTF-8 to http:///
2023-04-19 22:10:19.419 [main @coroutine#1] TRACE i.k.client.plugins.HttpCallValidator - Processing exception net.mamoe.yamlkt.YamlDecodingException: Top-level decoder: deserializing nested class for &apos;3&apos; in &apos;kotlin.collections.LinkedHashMap&apos;
...VrpPC0mQj0T6VmqPfexRU2ntidngbgc8
                                  ^ at line 10, column 48
 for request http://localhost/
</system-out>
  </testcase>
</testsuite>